#
# There is insufficient memory for the Java Runtime Environment to continue.
# Native memory allocation (malloc) failed to allocate 1048576 bytes for AllocateHeap
# Possible reasons:
#   The system is out of physical RAM or swap space
#   The process is running with CompressedOops enabled, and the Java Heap may be blocking the growth of the native heap
# Possible solutions:
#   Reduce memory load on the system
#   Increase physical memory or swap space
#   Check if swap backing store is full
#   Decrease Java heap size (-Xmx/-Xms)
#   Decrease number of Java threads
#   Decrease Java thread stack sizes (-Xss)
#   Set larger code cache with -XX:ReservedCodeCacheSize=
#   JVM is running with Unscaled Compressed Oops mode in which the Java heap is
#     placed in the first 4GB address space. The Java Heap base address is the
#     maximum limit for the native heap growth. Please use -XX:HeapBaseMinAddress
#     to set the Java Heap base and to place the Java Heap above 4GB virtual address.
# This output file may be truncated or incomplete.
#
#  Out of Memory Error (allocation.cpp:44), pid=1532, tid=2532
#
# JRE version:  (17.0.6+10) (build )
# Java VM: OpenJDK 64-Bit Server VM (17.0.6+10, mixed mode, tiered, compressed oops, compressed class ptrs, parallel gc, windows-amd64)
# No core dump will be written. Minidumps are not enabled by default on client versions of Windows
#

---------------  S U M M A R Y ------------

Command Line: --add-modules=ALL-SYSTEM --add-opens=java.base/java.util=ALL-UNNAMED --add-opens=java.base/java.lang=ALL-UNNAMED --add-opens=java.base/sun.nio.fs=ALL-UNNAMED -Declipse.application=org.eclipse.jdt.ls.core.id1 -Dosgi.bundles.defaultStartLevel=4 -Declipse.product=org.eclipse.jdt.ls.core.product -Djava.import.generatesMetadataFilesAtProjectRoot=false -Dfile.encoding=utf8 -XX:+UseParallelGC -XX:GCTimeRatio=4 -XX:AdaptiveSizePolicyWeight=90 -Dsun.zip.disableMemoryMapping=true -Xmx1G -Xms100m -Xlog:disable -javaagent:c:\Users\Fruktarin\.vscode\extensions\redhat.java-1.17.0-win32-x64\lombok\lombok-1.18.24.jar -XX:+HeapDumpOnOutOfMemoryError -XX:HeapDumpPath=c:\Users\Fruktarin\AppData\Roaming\Code\User\workspaceStorage\d5f3a373c6625814009ffa9e804a375e\redhat.java -Daether.dependencyCollector.impl=bf c:\Users\Fruktarin\.vscode\extensions\redhat.java-1.17.0-win32-x64\server\plugins\org.eclipse.equinox.launcher_1.6.400.v20210924-0641.jar -configuration c:\Users\Fruktarin\AppData\Roaming\Code\User\globalStorage\redhat.java\1.17.0\config_win -data c:\Users\Fruktarin\AppData\Roaming\Code\User\workspaceStorage\d5f3a373c6625814009ffa9e804a375e\redhat.java\jdt_ws

Host: AMD Ryzen 3 2200G with Radeon Vega Graphics    , 4 cores, 7G,  Windows 10 , 64 bit Build 19041 (10.0.19041.2788)
Time: Mon Apr 17 19:08:25 2023 RTZ 4 (s 10 , 64 bit Build 19041 (10.0.19041.2788) elapsed time: 1.367337 seconds (0d 0h 0m 1s)

---------------  T H R E A D  ---------------

Current thread (0x000001d655d739d0):  JavaThread "Unknown thread" [_thread_in_vm, id=2532, stack(0x0000008462d00000,0x0000008462e00000)]

Stack: [0x0000008462d00000,0x0000008462e00000]
Native frames: (J=compiled Java code, j=interpreted, Vv=VM code, C=native code)
V  [jvm.dll+0x67741a]
V  [jvm.dll+0x834434]
V  [jvm.dll+0x835bde]
V  [jvm.dll+0x836243]
V  [jvm.dll+0x2457b5]
V  [jvm.dll+0xa626f]
V  [jvm.dll+0x6a997a]
V  [jvm.dll+0x6aa63f]
V  [jvm.dll+0x683b13]
V  [jvm.dll+0x80684b]
V  [jvm.dll+0x3693b4]
V  [jvm.dll+0x7e56ac]
V  [jvm.dll+0x3eb35f]
V  [jvm.dll+0x3ecea1]
C  [jli.dll+0x5267]
C  [ucrtbase.dll+0x21bb2]
C  [KERNEL32.DLL+0x17604]
C  [ntdll.dll+0x526a1]


---------------  P R O C E S S  ---------------

Threads class SMR info:
_java_thread_list=0x00007ffeff395fd8, length=0, elements={
}

Java Threads: ( => current thread )

Other Threads:
  0x000001d655d8a920 GCTaskThread "GC Thread#0" [stack: 0x0000008462e00000,0x0000008462f00000] [id=2640]

=>0x000001d655d739d0 (exited) JavaThread "Unknown thread" [_thread_in_vm, id=2532, stack(0x0000008462d00000,0x0000008462e00000)]

Threads with active compile tasks:

VM state: not at safepoint (normal execution)

VM Mutex/Monitor currently owned by a thread: None

Heap address: 0x00000000c0000000, size: 1024 MB, Compressed Oops mode: 32-bit

CDS archive(s) not mapped
Compressed class space mapped at: 0x0000000100000000-0x0000000140000000, reserved size: 1073741824
Narrow klass base: 0x0000000000000000, Narrow klass shift: 3, Narrow klass range: 0x140000000

GC Precious Log:
 CPUs: 4 total, 4 available
 Memory: 7612M
 Large Page Support: Disabled
 NUMA Support: Disabled
 Compressed Oops: Enabled (32-bit)
 Alignments: Space 512K, Generation 512K, Heap 2M
 Heap Min Capacity: 100M
 Heap Initial Capacity: 100M
 Heap Max Capacity: 1G
 Pre-touch: Disabled
 Parallel Workers: 4

Heap:
 PSYoungGen      total 29696K, used 512K [0x00000000eab00000, 0x00000000ecc00000, 0x0000000100000000)
  eden space 25600K, 2% used [0x00000000eab00000,0x00000000eab80070,0x00000000ec400000)
  from space 4096K, 0% used [0x00000000ec800000,0x00000000ec800000,0x00000000ecc00000)
  to   space 4096K, 0% used [0x00000000ec400000,0x00000000ec400000,0x00000000ec800000)
 ParOldGen       total 68608K, used 0K [0x00000000c0000000, 0x00000000c4300000, 0x00000000eab00000)
  object space 68608K, 0% used [0x00000000c0000000,0x00000000c0000000,0x00000000c4300000)
 Metaspace       used 1149K, committed 1216K, reserved 1056768K
  class space    used 101K, committed 128K, reserved 1048576K

Card table byte_map: [0x000001d655730000,0x000001d655940000] _byte_map_base: 0x000001d655130000

Marking Bits: (ParMarkBitMap*) 0x00007ffeff403e70
 Begin Bits: [0x000001d6679f0000, 0x000001d6689f0000)
 End Bits:   [0x000001d6689f0000, 0x000001d6699f0000)

Polling page: 0x000001d653f00000

Metaspace:

Usage:
  Non-class:      1.02 MB used.
      Class:    101.01 KB used.
       Both:      1.12 MB used.

Virtual space:
  Non-class space:        8.00 MB reserved,       1.06 MB ( 13%) committed,  1 nodes.
      Class space:        1.00 GB reserved,     128.00 KB ( <1%) committed,  1 nodes.
             Both:        1.01 GB reserved,       1.19 MB ( <1%) committed. 

Chunk freelists:
   Non-Class:  0 bytes
       Class:  3.75 MB
        Both:  3.75 MB

MaxMetaspaceSize: unlimited
CompressedClassSpaceSize: 1.00 GB
Initial GC threshold: 21.00 MB
Current GC threshold: 17179869184.00 GB
CDS: off
MetaspaceReclaimPolicy: balanced
 - commit_granule_bytes: 65536.
 - commit_granule_words: 8192.
 - virtual_space_node_default_size: 1048576.
 - enlarge_chunks_in_place: 1.
 - new_chunks_are_fully_committed: 0.
 - uncommit_free_chunks: 1.
 - use_allocation_guard: 0.
 - handle_deallocations: 1.


Internal statistics:

num_allocs_failed_limit: 0.
num_arena_births: 2.
num_arena_deaths: 0.
num_vsnodes_births: 2.
num_vsnodes_deaths: 0.
num_space_committed: 19.
num_space_uncommitted: 0.
num_chunks_returned_to_freelist: 0.
num_chunks_taken_from_freelist: 3.
num_chunk_merges: 0.
num_chunk_splits: 1.
num_chunks_enlarged: 0.
num_purges: 0.
num_inconsistent_stats: 0.

CodeHeap 'non-profiled nmethods': size=120000Kb used=0Kb max_used=0Kb free=120000Kb
 bounds [0x000001d6604c0000, 0x000001d660730000, 0x000001d6679f0000]
CodeHeap 'profiled nmethods': size=120000Kb used=0Kb max_used=0Kb free=120000Kb
 bounds [0x000001d6589f0000, 0x000001d658c60000, 0x000001d65ff20000]
CodeHeap 'non-nmethods': size=5760Kb used=202Kb max_used=353Kb free=5557Kb
 bounds [0x000001d65ff20000, 0x000001d660190000, 0x000001d6604c0000]
 total_blobs=66 nmethods=0 adapters=47
 compilation: enabled
              stopped_count=0, restarted_count=0
 full_count=0

Compilation events (0 events):
No events

GC Heap History (0 events):
No events

Dll operation events (1 events):
Event: 1.131 Loaded shared library c:\Users\Fruktarin\.vscode\extensions\redhat.java-1.17.0-win32-x64\jre\17.0.6-win32-x86_64\bin\java.dll

Deoptimization events (0 events):
No events

Classes unloaded (0 events):
No events

Classes redefined (0 events):
No events

Internal exceptions (0 events):
No events

VM Operations (0 events):
No events

Events (20 events):
Event: 1.327 loading class java/lang/Long
Event: 1.327 loading class java/lang/Long done
Event: 1.327 loading class java/util/Iterator
Event: 1.327 loading class java/util/Iterator done
Event: 1.327 loading class java/lang/reflect/RecordComponent
Event: 1.327 loading class java/lang/reflect/RecordComponent done
Event: 1.327 loading class jdk/internal/vm/vector/VectorSupport
Event: 1.328 loading class jdk/internal/vm/vector/VectorSupport done
Event: 1.328 loading class jdk/internal/vm/vector/VectorSupport$VectorPayload
Event: 1.328 loading class jdk/internal/vm/vector/VectorSupport$VectorPayload done
Event: 1.328 loading class jdk/internal/vm/vector/VectorSupport$Vector
Event: 1.340 loading class jdk/internal/vm/vector/VectorSupport$Vector done
Event: 1.340 loading class jdk/internal/vm/vector/VectorSupport$VectorMask
Event: 1.340 loading class jdk/internal/vm/vector/VectorSupport$VectorMask done
Event: 1.340 loading class jdk/internal/vm/vector/VectorSupport$VectorShuffle
Event: 1.340 loading class jdk/internal/vm/vector/VectorSupport$VectorShuffle done
Event: 1.351 loading class java/lang/NullPointerException
Event: 1.351 loading class java/lang/NullPointerException done
Event: 1.351 loading class java/lang/ArithmeticException
Event: 1.351 loading class java/lang/ArithmeticException done


Dynamic libraries:
0x00007ff749c40000 - 0x00007ff749c4e000 	c:\Users\Fruktarin\.vscode\extensions\redhat.java-1.17.0-win32-x64\jre\17.0.6-win32-x86_64\bin\java.exe
0x00007fff447b0000 - 0x00007fff449a8000 	C:\WINDOWS\SYSTEM32\ntdll.dll
0x00007fff23bc0000 - 0x00007fff23bd9000 	C:\Program Files\AVAST Software\Avast\aswhook.dll
0x00007fff43c60000 - 0x00007fff43d1f000 	C:\WINDOWS\System32\KERNEL32.DLL
0x00007fff42390000 - 0x00007fff4266a000 	C:\WINDOWS\System32\KERNELBASE.dll
0x00007fff3f4f0000 - 0x00007fff3f580000 	C:\WINDOWS\SYSTEM32\apphelp.dll
0x00007fff42670000 - 0x00007fff42770000 	C:\WINDOWS\System32\ucrtbase.dll
0x00007fff2cac0000 - 0x00007fff2cad7000 	c:\Users\Fruktarin\.vscode\extensions\redhat.java-1.17.0-win32-x64\jre\17.0.6-win32-x86_64\bin\jli.dll
0x00007fff445d0000 - 0x00007fff4476d000 	C:\WINDOWS\System32\USER32.dll
0x00007fff42190000 - 0x00007fff421b2000 	C:\WINDOWS\System32\win32u.dll
0x00007fff42810000 - 0x00007fff4283b000 	C:\WINDOWS\System32\GDI32.dll
0x00007fff42030000 - 0x00007fff42140000 	C:\WINDOWS\System32\gdi32full.dll
0x00007fff42770000 - 0x00007fff4280d000 	C:\WINDOWS\System32\msvcp_win.dll
0x00007fff2c180000 - 0x00007fff2c199000 	c:\Users\Fruktarin\.vscode\extensions\redhat.java-1.17.0-win32-x64\jre\17.0.6-win32-x86_64\bin\VCRUNTIME140.dll
0x00007fff40b40000 - 0x00007fff40dda000 	C:\WINDOWS\WinSxS\amd64_microsoft.windows.common-controls_6595b64144ccf1df_6.0.19041.1110_none_60b5254171f9507e\COMCTL32.dll
0x00007fff42b50000 - 0x00007fff42bee000 	C:\WINDOWS\System32\msvcrt.dll
0x00007fff42b20000 - 0x00007fff42b50000 	C:\WINDOWS\System32\IMM32.DLL
0x00007fff3a5f0000 - 0x00007fff3a5fc000 	c:\Users\Fruktarin\.vscode\extensions\redhat.java-1.17.0-win32-x64\jre\17.0.6-win32-x86_64\bin\vcruntime140_1.dll
0x00007fff28480000 - 0x00007fff28511000 	c:\Users\Fruktarin\.vscode\extensions\redhat.java-1.17.0-win32-x64\jre\17.0.6-win32-x86_64\bin\msvcp140.dll
0x00007ffefe880000 - 0x00007ffeff4c7000 	c:\Users\Fruktarin\.vscode\extensions\redhat.java-1.17.0-win32-x64\jre\17.0.6-win32-x86_64\bin\server\jvm.dll
0x00007fff43010000 - 0x00007fff430be000 	C:\WINDOWS\System32\ADVAPI32.dll
0x00007fff43b60000 - 0x00007fff43bfc000 	C:\WINDOWS\System32\sechost.dll
0x00007fff430c0000 - 0x00007fff431e6000 	C:\WINDOWS\System32\RPCRT4.dll
0x00007fff33270000 - 0x00007fff33279000 	C:\WINDOWS\SYSTEM32\WSOCK32.dll
0x00007fff43940000 - 0x00007fff439ab000 	C:\WINDOWS\System32\WS2_32.dll
0x00007fff40370000 - 0x00007fff40397000 	C:\WINDOWS\SYSTEM32\WINMM.dll
0x00007fff3d2a0000 - 0x00007fff3d2aa000 	C:\WINDOWS\SYSTEM32\VERSION.dll
0x00007fff3fa90000 - 0x00007fff3faa2000 	C:\WINDOWS\SYSTEM32\kernel.appcore.dll
0x00007fff3a4a0000 - 0x00007fff3a4aa000 	c:\Users\Fruktarin\.vscode\extensions\redhat.java-1.17.0-win32-x64\jre\17.0.6-win32-x86_64\bin\jimage.dll
0x00007fff3acd0000 - 0x00007fff3aeb4000 	C:\WINDOWS\SYSTEM32\DBGHELP.DLL
0x00007fff3a7d0000 - 0x00007fff3a804000 	C:\WINDOWS\SYSTEM32\dbgcore.DLL
0x00007fff41f70000 - 0x00007fff41ff2000 	C:\WINDOWS\System32\bcryptPrimitives.dll
0x00007fff2f160000 - 0x00007fff2f16e000 	c:\Users\Fruktarin\.vscode\extensions\redhat.java-1.17.0-win32-x64\jre\17.0.6-win32-x86_64\bin\instrument.dll
0x00007fff2dfc0000 - 0x00007fff2dfe5000 	c:\Users\Fruktarin\.vscode\extensions\redhat.java-1.17.0-win32-x64\jre\17.0.6-win32-x86_64\bin\java.dll
0x00007fff2c050000 - 0x00007fff2c068000 	c:\Users\Fruktarin\.vscode\extensions\redhat.java-1.17.0-win32-x64\jre\17.0.6-win32-x86_64\bin\zip.dll

dbghelp: loaded successfully - version: 4.0.5 - missing functions: none
symbol engine: initialized successfully - sym options: 0x614 - pdb path: .;c:\Users\Fruktarin\.vscode\extensions\redhat.java-1.17.0-win32-x64\jre\17.0.6-win32-x86_64\bin;C:\WINDOWS\SYSTEM32;C:\Program Files\AVAST Software\Avast;C:\WINDOWS\WinSxS\amd64_microsoft.windows.common-controls_6595b64144ccf1df_6.0.19041.1110_none_60b5254171f9507e;c:\Users\Fruktarin\.vscode\extensions\redhat.java-1.17.0-win32-x64\jre\17.0.6-win32-x86_64\bin\server

VM Arguments:
jvm_args: --add-modules=ALL-SYSTEM --add-opens=java.base/java.util=ALL-UNNAMED --add-opens=java.base/java.lang=ALL-UNNAMED --add-opens=java.base/sun.nio.fs=ALL-UNNAMED -Declipse.application=org.eclipse.jdt.ls.core.id1 -Dosgi.bundles.defaultStartLevel=4 -Declipse.product=org.eclipse.jdt.ls.core.product -Djava.import.generatesMetadataFilesAtProjectRoot=false -Dfile.encoding=utf8 -XX:+UseParallelGC -XX:GCTimeRatio=4 -XX:AdaptiveSizePolicyWeight=90 -Dsun.zip.disableMemoryMapping=true -Xmx1G -Xms100m -Xlog:disable -javaagent:c:\Users\Fruktarin\.vscode\extensions\redhat.java-1.17.0-win32-x64\lombok\lombok-1.18.24.jar -XX:+HeapDumpOnOutOfMemoryError -XX:HeapDumpPath=c:\Users\Fruktarin\AppData\Roaming\Code\User\workspaceStorage\d5f3a373c6625814009ffa9e804a375e\redhat.java -Daether.dependencyCollector.impl=bf 
java_command: c:\Users\Fruktarin\.vscode\extensions\redhat.java-1.17.0-win32-x64\server\plugins\org.eclipse.equinox.launcher_1.6.400.v20210924-0641.jar -configuration c:\Users\Fruktarin\AppData\Roaming\Code\User\globalStorage\redhat.java\1.17.0\config_win -data c:\Users\Fruktarin\AppData\Roaming\Code\User\workspaceStorage\d5f3a373c6625814009ffa9e804a375e\redhat.java\jdt_ws
java_class_path (initial): c:\Users\Fruktarin\.vscode\extensions\redhat.java-1.17.0-win32-x64\server\plugins\org.eclipse.equinox.launcher_1.6.400.v20210924-0641.jar
Launcher Type: SUN_STANDARD

[Global flags]
    uintx AdaptiveSizePolicyWeight                 = 90                                        {product} {command line}
     intx CICompilerCount                          = 3                                         {product} {ergonomic}
    uintx GCTimeRatio                              = 4                                         {product} {command line}
     bool HeapDumpOnOutOfMemoryError               = true                                   {manageable} {command line}
    ccstr HeapDumpPath                             = c:\Users\Fruktarin\AppData\Roaming\Code\User\workspaceStorage\d5f3a373c6625814009ffa9e804a375e\redhat.java         {manageable} {command line}
   size_t InitialHeapSize                          = 104857600                                 {product} {command line}
   size_t MaxHeapSize                              = 1073741824                                {product} {command line}
   size_t MaxNewSize                               = 357564416                                 {product} {ergonomic}
   size_t MinHeapDeltaBytes                        = 524288                                    {product} {ergonomic}
   size_t MinHeapSize                              = 104857600                                 {product} {command line}
   size_t NewSize                                  = 34603008                                  {product} {ergonomic}
    uintx NonNMethodCodeHeapSize                   = 5832780                                {pd product} {ergonomic}
    uintx NonProfiledCodeHeapSize                  = 122912730                              {pd product} {ergonomic}
   size_t OldSize                                  = 70254592                                  {product} {ergonomic}
    uintx ProfiledCodeHeapSize                     = 122912730                              {pd product} {ergonomic}
    uintx ReservedCodeCacheSize                    = 251658240                              {pd product} {ergonomic}
     bool SegmentedCodeCache                       = true                                      {product} {ergonomic}
   size_t SoftMaxHeapSize                          = 1073741824                             {manageable} {ergonomic}
     bool UseCompressedClassPointers               = true                           {product lp64_product} {ergonomic}
     bool UseCompressedOops                        = true                           {product lp64_product} {ergonomic}
     bool UseLargePagesIndividualAllocation        = false                                  {pd product} {ergonomic}
     bool UseParallelGC                            = true                                      {product} {command line}

Logging:
Log output configuration:
 #0: stdout all=off uptime,level,tags
 #1: stderr all=off uptime,level,tags

Environment Variables:
JAVA_HOME=C:\Program Files\AdoptOpenJDK\jre-8.0.232.09-hotspot\
PATH=C:\Program Files\Common Files\Oracle\Java\javapath;C:\Program Files\AdoptOpenJDK\jre-8.0.232.09-hotspot\bin;C:\Program Files\AdoptOpenJDK\jre-11.0.6.10-hotspot\bin;C:\Program Files (x86)\AdoptOpenJDK\jre-8.0.232.09-hotspot\bin;C:\WINDOWS\system32;C:\WINDOWS;C:\WINDOWS\System32\Wbem;C:\WINDOWS\System32\WindowsPowerShell\v1.0\;C:\WINDOWS\System32\OpenSSH\;C:\Program Files\Git\cmd;C:\Program Files\dotnet\;C:\Users\Fruktarin\AppData\Local\Microsoft\WindowsApps;;C:\Users\Fruktarin\AppData\Local\Programs\Microsoft VS Code\bin;C:\Users\Fruktarin\.dotnet\tools
USERNAME=Fruktarin
OS=Windows_NT
PROCESSOR_IDENTIFIER=AMD64 Family 23 Model 17 Stepping 0, AuthenticAMD
TMP=C:\Users\Fruktarin\AppData\Local\Temp
TEMP=C:\Users\Fruktarin\AppData\Local\Temp



---------------  S Y S T E M  ---------------

OS:
 Windows 10 , 64 bit Build 19041 (10.0.19041.2788)
OS uptime: 0 days 9:43 hours

CPU: total 4 (initial active 4) (4 cores per cpu, 1 threads per core) family 23 model 17 stepping 0 microcode 0x0, cx8, cmov, fxsr, mmx, 3dnowpref, sse, sse2, sse3, ssse3, sse4a, sse4.1, sse4.2, popcnt, lzcnt, tsc, tscinvbit, avx, avx2, aes, clmul, bmi1, bmi2, adx, sha, fma, vzeroupper, clflush, clflushopt

Memory: 4k page, system-wide physical 7612M (1069M free)
TotalPageFile size 7612M (AvailPageFile size 151M)
current process WorkingSet (physical memory assigned to process): 16M, peak: 16M
current process commit charge ("private bytes"): 148M, peak: 149M

vm_info: OpenJDK 64-Bit Server VM (17.0.6+10) for windows-amd64 JRE (17.0.6+10), built on Jan 18 2023 10:08:59 by "temurin" with MS VC++ 16.7 (VS2019)

END.
