#
# There is insufficient memory for the Java Runtime Environment to continue.
# Native memory allocation (malloc) failed to allocate 2795424 bytes for Chunk::new
# Possible reasons:
#   The system is out of physical RAM or swap space
#   The process is running with CompressedOops enabled, and the Java Heap may be blocking the growth of the native heap
# Possible solutions:
#   Reduce memory load on the system
#   Increase physical memory or swap space
#   Check if swap backing store is full
#   Decrease Java heap size (-Xmx/-Xms)
#   Decrease number of Java threads
#   Decrease Java thread stack sizes (-Xss)
#   Set larger code cache with -XX:ReservedCodeCacheSize=
#   JVM is running with Unscaled Compressed Oops mode in which the Java heap is
#     placed in the first 4GB address space. The Java Heap base address is the
#     maximum limit for the native heap growth. Please use -XX:HeapBaseMinAddress
#     to set the Java Heap base and to place the Java Heap above 4GB virtual address.
# This output file may be truncated or incomplete.
#
#  Out of Memory Error (arena.cpp:189), pid=596, tid=10708
#
# JRE version: OpenJDK Runtime Environment Temurin-17.0.6+10 (17.0.6+10) (build 17.0.6+10)
# Java VM: OpenJDK 64-Bit Server VM Temurin-17.0.6+10 (17.0.6+10, mixed mode, tiered, compressed oops, compressed class ptrs, parallel gc, windows-amd64)
# No core dump will be written. Minidumps are not enabled by default on client versions of Windows
#

---------------  S U M M A R Y ------------

Command Line: --add-modules=ALL-SYSTEM --add-opens=java.base/java.util=ALL-UNNAMED --add-opens=java.base/java.lang=ALL-UNNAMED --add-opens=java.base/sun.nio.fs=ALL-UNNAMED -Declipse.application=org.eclipse.jdt.ls.core.id1 -Dosgi.bundles.defaultStartLevel=4 -Declipse.product=org.eclipse.jdt.ls.core.product -Djava.import.generatesMetadataFilesAtProjectRoot=false -Dfile.encoding=utf8 -XX:+UseParallelGC -XX:GCTimeRatio=4 -XX:AdaptiveSizePolicyWeight=90 -Dsun.zip.disableMemoryMapping=true -Xmx1G -Xms100m -Xlog:disable -javaagent:c:\Users\Fruktarin\.vscode\extensions\redhat.java-1.17.0-win32-x64\lombok\lombok-1.18.24.jar c:\Users\Fruktarin\.vscode\extensions\redhat.java-1.17.0-win32-x64\server\plugins\org.eclipse.equinox.launcher_1.6.400.v20210924-0641.jar -configuration c:\Users\Fruktarin\AppData\Roaming\Code\User\globalStorage\redhat.java\1.17.0\config_ss_win -data c:\Users\Fruktarin\AppData\Roaming\Code\User\workspaceStorage\d5f3a373c6625814009ffa9e804a375e\redhat.java\ss_ws

Host: AMD Ryzen 3 2200G with Radeon Vega Graphics    , 4 cores, 7G,  Windows 10 , 64 bit Build 19041 (10.0.19041.2788)
Time: Mon Apr 17 19:08:29 2023 RTZ 4 (s 10 , 64 bit Build 19041 (10.0.19041.2788) elapsed time: 3.163610 seconds (0d 0h 0m 3s)

---------------  T H R E A D  ---------------

Current thread (0x0000019a79b2c1f0):  JavaThread "C2 CompilerThread1" daemon [_thread_in_native, id=10708, stack(0x00000053f9b00000,0x00000053f9c00000)]


Current CompileTask:
C2:   3163 2298       4       org.objectweb.asm.ClassReader::readMethod (1066 bytes)

Stack: [0x00000053f9b00000,0x00000053f9c00000]
Native frames: (J=compiled Java code, j=interpreted, Vv=VM code, C=native code)
V  [jvm.dll+0x67741a]
V  [jvm.dll+0x834434]
V  [jvm.dll+0x835bde]
V  [jvm.dll+0x836243]
V  [jvm.dll+0x2457b5]
V  [jvm.dll+0xabafc]
V  [jvm.dll+0xac0cc]
V  [jvm.dll+0x3634e7]
V  [jvm.dll+0x1bbd68]
V  [jvm.dll+0x218749]
V  [jvm.dll+0x217a11]
V  [jvm.dll+0x1a3d0d]
V  [jvm.dll+0x22742a]
V  [jvm.dll+0x225565]
V  [jvm.dll+0x7ea2cb]
V  [jvm.dll+0x7e483a]
V  [jvm.dll+0x6762c5]
C  [ucrtbase.dll+0x21bb2]
C  [KERNEL32.DLL+0x17604]
C  [ntdll.dll+0x526a1]


---------------  P R O C E S S  ---------------

Threads class SMR info:
_java_thread_list=0x0000019a7a605030, length=22, elements={
0x0000019a71b65200, 0x0000019a71c17ae0, 0x0000019a71c1b6e0, 0x0000019a76992730,
0x0000019a769935a0, 0x0000019a76994f80, 0x0000019a769c4ca0, 0x0000019a769cb600,
0x0000019a78320140, 0x0000019a78321980, 0x0000019a7848ead0, 0x0000019a7863b920,
0x0000019a799600a0, 0x0000019a79b3a170, 0x0000019a79b3a640, 0x0000019a78d7d7f0,
0x0000019a78d46020, 0x0000019a79b62320, 0x0000019a79b1aab0, 0x0000019a79a70750,
0x0000019a79b2c1f0, 0x0000019a79a6f410
}

Java Threads: ( => current thread )
  0x0000019a71b65200 JavaThread "main" [_thread_blocked, id=5456, stack(0x00000053f8100000,0x00000053f8200000)]
  0x0000019a71c17ae0 JavaThread "Reference Handler" daemon [_thread_blocked, id=8728, stack(0x00000053f8400000,0x00000053f8500000)]
  0x0000019a71c1b6e0 JavaThread "Finalizer" daemon [_thread_blocked, id=5352, stack(0x00000053f8500000,0x00000053f8600000)]
  0x0000019a76992730 JavaThread "Signal Dispatcher" daemon [_thread_blocked, id=1668, stack(0x00000053f8600000,0x00000053f8700000)]
  0x0000019a769935a0 JavaThread "Attach Listener" daemon [_thread_blocked, id=9208, stack(0x00000053f8700000,0x00000053f8800000)]
  0x0000019a76994f80 JavaThread "Service Thread" daemon [_thread_blocked, id=1512, stack(0x00000053f8800000,0x00000053f8900000)]
  0x0000019a769c4ca0 JavaThread "Monitor Deflation Thread" daemon [_thread_blocked, id=6932, stack(0x00000053f8900000,0x00000053f8a00000)]
  0x0000019a769cb600 JavaThread "C2 CompilerThread0" daemon [_thread_blocked, id=3616, stack(0x00000053f8a00000,0x00000053f8b00000)]
  0x0000019a78320140 JavaThread "C1 CompilerThread0" daemon [_thread_blocked, id=1384, stack(0x00000053f8b00000,0x00000053f8c00000)]
  0x0000019a78321980 JavaThread "Sweeper thread" daemon [_thread_blocked, id=10920, stack(0x00000053f8c00000,0x00000053f8d00000)]
  0x0000019a7848ead0 JavaThread "Common-Cleaner" daemon [_thread_blocked, id=5776, stack(0x00000053f8d00000,0x00000053f8e00000)]
  0x0000019a7863b920 JavaThread "Notification Thread" daemon [_thread_blocked, id=1820, stack(0x00000053f8e00000,0x00000053f8f00000)]
  0x0000019a799600a0 JavaThread "Active Thread: Equinox Container: 37bc1a5a-7dec-4ab8-b8a0-b6779ba4e5a3" [_thread_blocked, id=3348, stack(0x00000053f9400000,0x00000053f9500000)]
  0x0000019a79b3a170 JavaThread "Framework Event Dispatcher: Equinox Container: 37bc1a5a-7dec-4ab8-b8a0-b6779ba4e5a3" daemon [_thread_blocked, id=3364, stack(0x00000053f9500000,0x00000053f9600000)]
  0x0000019a79b3a640 JavaThread "Start Level: Equinox Container: 37bc1a5a-7dec-4ab8-b8a0-b6779ba4e5a3" daemon [_thread_blocked, id=1312, stack(0x00000053f9600000,0x00000053f9700000)]
  0x0000019a78d7d7f0 JavaThread "SCR Component Actor" daemon [_thread_blocked, id=4364, stack(0x00000053f9700000,0x00000053f9800000)]
  0x0000019a78d46020 JavaThread "SCR Component Registry" daemon [_thread_blocked, id=9524, stack(0x00000053f9800000,0x00000053f9900000)]
  0x0000019a79b62320 JavaThread "Worker-JM" [_thread_blocked, id=3492, stack(0x00000053f9000000,0x00000053f9100000)]
  0x0000019a79b1aab0 JavaThread "Worker-0" [_thread_blocked, id=2848, stack(0x00000053f9900000,0x00000053f9a00000)]
  0x0000019a79a70750 JavaThread "Worker-1" [_thread_blocked, id=1988, stack(0x00000053f9a00000,0x00000053f9b00000)]
=>0x0000019a79b2c1f0 JavaThread "C2 CompilerThread1" daemon [_thread_in_native, id=10708, stack(0x00000053f9b00000,0x00000053f9c00000)]
  0x0000019a79a6f410 JavaThread "Java indexing" daemon [_thread_blocked, id=5896, stack(0x00000053f9c00000,0x00000053f9d00000)]

Other Threads:
  0x0000019a76976220 VMThread "VM Thread" [stack: 0x00000053f8300000,0x00000053f8400000] [id=8492]
  0x0000019a7863bdf0 WatcherThread [stack: 0x00000053f8f00000,0x00000053f9000000] [id=7544]
  0x0000019a71b79d50 GCTaskThread "GC Thread#0" [stack: 0x00000053f8200000,0x00000053f8300000] [id=5180]
  0x0000019a78b33070 GCTaskThread "GC Thread#1" [stack: 0x00000053f9100000,0x00000053f9200000] [id=3748]
  0x0000019a78b33530 GCTaskThread "GC Thread#2" [stack: 0x00000053f9200000,0x00000053f9300000] [id=3724]
  0x0000019a789d8d70 GCTaskThread "GC Thread#3" [stack: 0x00000053f9300000,0x00000053f9400000] [id=7536]

Threads with active compile tasks:
C2 CompilerThread1     3190 2298       4       org.objectweb.asm.ClassReader::readMethod (1066 bytes)

VM state: not at safepoint (normal execution)

VM Mutex/Monitor currently owned by a thread: None

Heap address: 0x00000000c0000000, size: 1024 MB, Compressed Oops mode: 32-bit

CDS archive(s) not mapped
Compressed class space mapped at: 0x0000000100000000-0x0000000140000000, reserved size: 1073741824
Narrow klass base: 0x0000000000000000, Narrow klass shift: 3, Narrow klass range: 0x140000000

GC Precious Log:
 CPUs: 4 total, 4 available
 Memory: 7612M
 Large Page Support: Disabled
 NUMA Support: Disabled
 Compressed Oops: Enabled (32-bit)
 Alignments: Space 512K, Generation 512K, Heap 2M
 Heap Min Capacity: 100M
 Heap Initial Capacity: 100M
 Heap Max Capacity: 1G
 Pre-touch: Disabled
 Parallel Workers: 4

Heap:
 PSYoungGen      total 26112K, used 25571K [0x00000000eab00000, 0x00000000ec880000, 0x0000000100000000)
  eden space 25088K, 99% used [0x00000000eab00000,0x00000000ec362dd0,0x00000000ec380000)
  from space 1024K, 58% used [0x00000000ec400000,0x00000000ec4960e0,0x00000000ec500000)
  to   space 2560K, 0% used [0x00000000ec600000,0x00000000ec600000,0x00000000ec880000)
 ParOldGen       total 68608K, used 6920K [0x00000000c0000000, 0x00000000c4300000, 0x00000000eab00000)
  object space 68608K, 10% used [0x00000000c0000000,0x00000000c06c2190,0x00000000c4300000)
 Metaspace       used 27462K, committed 27968K, reserved 1081344K
  class space    used 2641K, committed 2816K, reserved 1048576K

Card table byte_map: [0x0000019a71500000,0x0000019a71710000] _byte_map_base: 0x0000019a70f00000

Marking Bits: (ParMarkBitMap*) 0x00007ffeff403e70
 Begin Bits: [0x0000019a747e0000, 0x0000019a757e0000)
 End Bits:   [0x0000019a757e0000, 0x0000019a767e0000)

Polling page: 0x0000019a6fae0000

Metaspace:

Usage:
  Non-class:     24.24 MB used.
      Class:      2.58 MB used.
       Both:     26.82 MB used.

Virtual space:
  Non-class space:       32.00 MB reserved,      24.56 MB ( 77%) committed,  4 nodes.
      Class space:        1.00 GB reserved,       2.75 MB ( <1%) committed,  1 nodes.
             Both:        1.03 GB reserved,      27.31 MB (  3%) committed. 

Chunk freelists:
   Non-Class:  3.34 MB
       Class:  1.06 MB
        Both:  4.41 MB

MaxMetaspaceSize: unlimited
CompressedClassSpaceSize: 1.00 GB
Initial GC threshold: 21.00 MB
Current GC threshold: 35.00 MB
CDS: off
MetaspaceReclaimPolicy: balanced
 - commit_granule_bytes: 65536.
 - commit_granule_words: 8192.
 - virtual_space_node_default_size: 1048576.
 - enlarge_chunks_in_place: 1.
 - new_chunks_are_fully_committed: 0.
 - uncommit_free_chunks: 1.
 - use_allocation_guard: 0.
 - handle_deallocations: 1.


Internal statistics:

num_allocs_failed_limit: 3.
num_arena_births: 216.
num_arena_deaths: 14.
num_vsnodes_births: 5.
num_vsnodes_deaths: 0.
num_space_committed: 437.
num_space_uncommitted: 0.
num_chunks_returned_to_freelist: 17.
num_chunks_taken_from_freelist: 943.
num_chunk_merges: 7.
num_chunk_splits: 632.
num_chunks_enlarged: 448.
num_purges: 2.
num_inconsistent_stats: 0.

CodeHeap 'non-profiled nmethods': size=120000Kb used=930Kb max_used=930Kb free=119069Kb
 bounds [0x0000019a07ad0000, 0x0000019a07d40000, 0x0000019a0f000000]
CodeHeap 'profiled nmethods': size=120000Kb used=4893Kb max_used=4893Kb free=115106Kb
 bounds [0x0000019a00000000, 0x0000019a004d0000, 0x0000019a07530000]
CodeHeap 'non-nmethods': size=5760Kb used=1231Kb max_used=1250Kb free=4528Kb
 bounds [0x0000019a07530000, 0x0000019a077a0000, 0x0000019a07ad0000]
 total_blobs=2967 nmethods=2424 adapters=457
 compilation: enabled
              stopped_count=0, restarted_count=0
 full_count=0

Compilation events (20 events):
Event: 2.795 Thread 0x0000019a78320140 nmethod 2417 0x0000019a07bb4310 code [0x0000019a07bb44a0, 0x0000019a07bb4578]
Event: 2.796 Thread 0x0000019a78320140 2418       3       org.eclipse.core.runtime.Path::lastSegment (23 bytes)
Event: 2.796 Thread 0x0000019a78320140 nmethod 2418 0x0000019a004c6110 code [0x0000019a004c62c0, 0x0000019a004c6478]
Event: 2.818 Thread 0x0000019a769cb600 nmethod 2387 0x0000019a07bb4610 code [0x0000019a07bb4880, 0x0000019a07bb5dc0]
Event: 2.818 Thread 0x0000019a769cb600 2419       4       java.util.concurrent.locks.AbstractQueuedSynchronizer::signalNext (34 bytes)
Event: 2.819 Thread 0x0000019a769cb600 nmethod 2419 0x0000019a07bb6c10 code [0x0000019a07bb6da0, 0x0000019a07bb6e78]
Event: 2.819 Thread 0x0000019a769cb600 2375       4       jdk.internal.org.objectweb.asm.SymbolTable$Entry::<init> (17 bytes)
Event: 2.820 Thread 0x0000019a769cb600 nmethod 2375 0x0000019a07bb6f90 code [0x0000019a07bb7100, 0x0000019a07bb71b8]
Event: 2.828 Thread 0x0000019a769cb600 2420       4       java.util.HashMap::put (13 bytes)
Event: 2.829 Thread 0x0000019a78320140 2421       3       java.lang.Character::toUpperCase (6 bytes)
Event: 2.829 Thread 0x0000019a78320140 nmethod 2421 0x0000019a004c6590 code [0x0000019a004c6740, 0x0000019a004c6998]
Event: 2.829 Thread 0x0000019a78320140 2422       3       java.lang.Character::toUpperCase (9 bytes)
Event: 2.829 Thread 0x0000019a78320140 nmethod 2422 0x0000019a004c6a90 code [0x0000019a004c6c40, 0x0000019a004c6e38]
Event: 2.830 Thread 0x0000019a78320140 2423       3       java.lang.ProcessEnvironment$NameComparator::compare (13 bytes)
Event: 2.830 Thread 0x0000019a78320140 nmethod 2423 0x0000019a004c6f10 code [0x0000019a004c70c0, 0x0000019a004c73c8]
Event: 2.841 Thread 0x0000019a769cb600 nmethod 2420 0x0000019a07bb7290 code [0x0000019a07bb74a0, 0x0000019a07bb7d80]
Event: 2.909 Thread 0x0000019a78320140 2424       1       org.eclipse.core.internal.jobs.InternalJob::previous (5 bytes)
Event: 2.910 Thread 0x0000019a78320140 nmethod 2424 0x0000019a07bb8490 code [0x0000019a07bb8620, 0x0000019a07bb86f8]
Event: 2.910 Thread 0x0000019a78320140 2425       1       java.util.concurrent.atomic.AtomicReference::set (6 bytes)
Event: 2.910 Thread 0x0000019a78320140 nmethod 2425 0x0000019a07bb8790 code [0x0000019a07bb8920, 0x0000019a07bb89f8]

GC Heap History (12 events):
Event: 0.926 GC heap before
{Heap before GC invocations=1 (full 0):
 PSYoungGen      total 29696K, used 25600K [0x00000000eab00000, 0x00000000ecc00000, 0x0000000100000000)
  eden space 25600K, 100% used [0x00000000eab00000,0x00000000ec400000,0x00000000ec400000)
  from space 4096K, 0% used [0x00000000ec800000,0x00000000ec800000,0x00000000ecc00000)
  to   space 4096K, 0% used [0x00000000ec400000,0x00000000ec400000,0x00000000ec800000)
 ParOldGen       total 68608K, used 0K [0x00000000c0000000, 0x00000000c4300000, 0x00000000eab00000)
  object space 68608K, 0% used [0x00000000c0000000,0x00000000c0000000,0x00000000c4300000)
 Metaspace       used 11137K, committed 11328K, reserved 1064960K
  class space    used 1109K, committed 1216K, reserved 1048576K
}
Event: 0.935 GC heap after
{Heap after GC invocations=1 (full 0):
 PSYoungGen      total 29696K, used 3249K [0x00000000eab00000, 0x00000000ecc00000, 0x0000000100000000)
  eden space 25600K, 0% used [0x00000000eab00000,0x00000000eab00000,0x00000000ec400000)
  from space 4096K, 79% used [0x00000000ec400000,0x00000000ec72c6a0,0x00000000ec800000)
  to   space 4096K, 0% used [0x00000000ec800000,0x00000000ec800000,0x00000000ecc00000)
 ParOldGen       total 68608K, used 16K [0x00000000c0000000, 0x00000000c4300000, 0x00000000eab00000)
  object space 68608K, 0% used [0x00000000c0000000,0x00000000c0004000,0x00000000c4300000)
 Metaspace       used 11137K, committed 11328K, reserved 1064960K
  class space    used 1109K, committed 1216K, reserved 1048576K
}
Event: 1.622 GC heap before
{Heap before GC invocations=2 (full 0):
 PSYoungGen      total 29696K, used 28841K [0x00000000eab00000, 0x00000000ecc00000, 0x0000000100000000)
  eden space 25600K, 99% used [0x00000000eab00000,0x00000000ec3fe018,0x00000000ec400000)
  from space 4096K, 79% used [0x00000000ec400000,0x00000000ec72c6a0,0x00000000ec800000)
  to   space 4096K, 0% used [0x00000000ec800000,0x00000000ec800000,0x00000000ecc00000)
 ParOldGen       total 68608K, used 16K [0x00000000c0000000, 0x00000000c4300000, 0x00000000eab00000)
  object space 68608K, 0% used [0x00000000c0000000,0x00000000c0004000,0x00000000c4300000)
 Metaspace       used 15338K, committed 15616K, reserved 1064960K
  class space    used 1562K, committed 1728K, reserved 1048576K
}
Event: 1.627 GC heap after
{Heap after GC invocations=2 (full 0):
 PSYoungGen      total 29696K, used 4094K [0x00000000eab00000, 0x00000000ecc00000, 0x0000000100000000)
  eden space 25600K, 0% used [0x00000000eab00000,0x00000000eab00000,0x00000000ec400000)
  from space 4096K, 99% used [0x00000000ec800000,0x00000000ecbffa58,0x00000000ecc00000)
  to   space 4096K, 0% used [0x00000000ec400000,0x00000000ec400000,0x00000000ec800000)
 ParOldGen       total 68608K, used 811K [0x00000000c0000000, 0x00000000c4300000, 0x00000000eab00000)
  object space 68608K, 1% used [0x00000000c0000000,0x00000000c00cad38,0x00000000c4300000)
 Metaspace       used 15338K, committed 15616K, reserved 1064960K
  class space    used 1562K, committed 1728K, reserved 1048576K
}
Event: 2.166 GC heap before
{Heap before GC invocations=3 (full 0):
 PSYoungGen      total 29696K, used 29694K [0x00000000eab00000, 0x00000000ecc00000, 0x0000000100000000)
  eden space 25600K, 100% used [0x00000000eab00000,0x00000000ec400000,0x00000000ec400000)
  from space 4096K, 99% used [0x00000000ec800000,0x00000000ecbffa58,0x00000000ecc00000)
  to   space 4096K, 0% used [0x00000000ec400000,0x00000000ec400000,0x00000000ec800000)
 ParOldGen       total 68608K, used 811K [0x00000000c0000000, 0x00000000c4300000, 0x00000000eab00000)
  object space 68608K, 1% used [0x00000000c0000000,0x00000000c00cad38,0x00000000c4300000)
 Metaspace       used 20383K, committed 20864K, reserved 1073152K
  class space    used 2069K, committed 2240K, reserved 1048576K
}
Event: 2.172 GC heap after
{Heap after GC invocations=3 (full 0):
 PSYoungGen      total 29696K, used 4092K [0x00000000eab00000, 0x00000000ecc00000, 0x0000000100000000)
  eden space 25600K, 0% used [0x00000000eab00000,0x00000000eab00000,0x00000000ec400000)
  from space 4096K, 99% used [0x00000000ec400000,0x00000000ec7ff160,0x00000000ec800000)
  to   space 4096K, 0% used [0x00000000ec800000,0x00000000ec800000,0x00000000ecc00000)
 ParOldGen       total 68608K, used 2816K [0x00000000c0000000, 0x00000000c4300000, 0x00000000eab00000)
  object space 68608K, 4% used [0x00000000c0000000,0x00000000c02c0020,0x00000000c4300000)
 Metaspace       used 20383K, committed 20864K, reserved 1073152K
  class space    used 2069K, committed 2240K, reserved 1048576K
}
Event: 2.269 GC heap before
{Heap before GC invocations=4 (full 0):
 PSYoungGen      total 29696K, used 8607K [0x00000000eab00000, 0x00000000ecc00000, 0x0000000100000000)
  eden space 25600K, 17% used [0x00000000eab00000,0x00000000eaf68c68,0x00000000ec400000)
  from space 4096K, 99% used [0x00000000ec400000,0x00000000ec7ff160,0x00000000ec800000)
  to   space 4096K, 0% used [0x00000000ec800000,0x00000000ec800000,0x00000000ecc00000)
 ParOldGen       total 68608K, used 2816K [0x00000000c0000000, 0x00000000c4300000, 0x00000000eab00000)
  object space 68608K, 4% used [0x00000000c0000000,0x00000000c02c0020,0x00000000c4300000)
 Metaspace       used 21102K, committed 21504K, reserved 1073152K
  class space    used 2149K, committed 2304K, reserved 1048576K
}
Event: 2.273 GC heap after
{Heap after GC invocations=4 (full 0):
 PSYoungGen      total 29696K, used 4092K [0x00000000eab00000, 0x00000000ecc00000, 0x0000000100000000)
  eden space 25600K, 0% used [0x00000000eab00000,0x00000000eab00000,0x00000000ec400000)
  from space 4096K, 99% used [0x00000000ec800000,0x00000000ecbff160,0x00000000ecc00000)
  to   space 4096K, 0% used [0x00000000ec400000,0x00000000ec400000,0x00000000ec800000)
 ParOldGen       total 68608K, used 2976K [0x00000000c0000000, 0x00000000c4300000, 0x00000000eab00000)
  object space 68608K, 4% used [0x00000000c0000000,0x00000000c02e8030,0x00000000c4300000)
 Metaspace       used 21102K, committed 21504K, reserved 1073152K
  class space    used 2149K, committed 2304K, reserved 1048576K
}
Event: 2.273 GC heap before
{Heap before GC invocations=5 (full 1):
 PSYoungGen      total 29696K, used 4092K [0x00000000eab00000, 0x00000000ecc00000, 0x0000000100000000)
  eden space 25600K, 0% used [0x00000000eab00000,0x00000000eab00000,0x00000000ec400000)
  from space 4096K, 99% used [0x00000000ec800000,0x00000000ecbff160,0x00000000ecc00000)
  to   space 4096K, 0% used [0x00000000ec400000,0x00000000ec400000,0x00000000ec800000)
 ParOldGen       total 68608K, used 2976K [0x00000000c0000000, 0x00000000c4300000, 0x00000000eab00000)
  object space 68608K, 4% used [0x00000000c0000000,0x00000000c02e8030,0x00000000c4300000)
 Metaspace       used 21102K, committed 21504K, reserved 1073152K
  class space    used 2149K, committed 2304K, reserved 1048576K
}
Event: 2.295 GC heap after
{Heap after GC invocations=5 (full 1):
 PSYoungGen      total 29696K, used 0K [0x00000000eab00000, 0x00000000ecc00000, 0x0000000100000000)
  eden space 25600K, 0% used [0x00000000eab00000,0x00000000eab00000,0x00000000ec400000)
  from space 4096K, 0% used [0x00000000ec800000,0x00000000ec800000,0x00000000ecc00000)
  to   space 4096K, 0% used [0x00000000ec400000,0x00000000ec400000,0x00000000ec800000)
 ParOldGen       total 68608K, used 6920K [0x00000000c0000000, 0x00000000c4300000, 0x00000000eab00000)
  object space 68608K, 10% used [0x00000000c0000000,0x00000000c06c2190,0x00000000c4300000)
 Metaspace       used 21089K, committed 21504K, reserved 1073152K
  class space    used 2146K, committed 2304K, reserved 1048576K
}
Event: 2.561 GC heap before
{Heap before GC invocations=6 (full 1):
 PSYoungGen      total 29696K, used 25600K [0x00000000eab00000, 0x00000000ecc00000, 0x0000000100000000)
  eden space 25600K, 100% used [0x00000000eab00000,0x00000000ec400000,0x00000000ec400000)
  from space 4096K, 0% used [0x00000000ec800000,0x00000000ec800000,0x00000000ecc00000)
  to   space 4096K, 0% used [0x00000000ec400000,0x00000000ec400000,0x00000000ec800000)
 ParOldGen       total 68608K, used 6920K [0x00000000c0000000, 0x00000000c4300000, 0x00000000eab00000)
  object space 68608K, 10% used [0x00000000c0000000,0x00000000c06c2190,0x00000000c4300000)
 Metaspace       used 24652K, committed 25024K, reserved 1073152K
  class space    used 2407K, committed 2560K, reserved 1048576K
}
Event: 2.562 GC heap after
{Heap after GC invocations=6 (full 1):
 PSYoungGen      total 26112K, used 600K [0x00000000eab00000, 0x00000000ec880000, 0x0000000100000000)
  eden space 25088K, 0% used [0x00000000eab00000,0x00000000eab00000,0x00000000ec380000)
  from space 1024K, 58% used [0x00000000ec400000,0x00000000ec4960e0,0x00000000ec500000)
  to   space 2560K, 0% used [0x00000000ec600000,0x00000000ec600000,0x00000000ec880000)
 ParOldGen       total 68608K, used 6920K [0x00000000c0000000, 0x00000000c4300000, 0x00000000eab00000)
  object space 68608K, 10% used [0x00000000c0000000,0x00000000c06c2190,0x00000000c4300000)
 Metaspace       used 24652K, committed 25024K, reserved 1073152K
  class space    used 2407K, committed 2560K, reserved 1048576K
}

Dll operation events (9 events):
Event: 0.009 Loaded shared library c:\Users\Fruktarin\.vscode\extensions\redhat.java-1.17.0-win32-x64\jre\17.0.6-win32-x86_64\bin\java.dll
Event: 0.202 Loaded shared library c:\Users\Fruktarin\.vscode\extensions\redhat.java-1.17.0-win32-x64\jre\17.0.6-win32-x86_64\bin\zip.dll
Event: 0.209 Loaded shared library C:\Users\Fruktarin\.vscode\extensions\redhat.java-1.17.0-win32-x64\jre\17.0.6-win32-x86_64\bin\instrument.dll
Event: 0.235 Loaded shared library C:\Users\Fruktarin\.vscode\extensions\redhat.java-1.17.0-win32-x64\jre\17.0.6-win32-x86_64\bin\net.dll
Event: 0.244 Loaded shared library C:\Users\Fruktarin\.vscode\extensions\redhat.java-1.17.0-win32-x64\jre\17.0.6-win32-x86_64\bin\nio.dll
Event: 0.252 Loaded shared library C:\Users\Fruktarin\.vscode\extensions\redhat.java-1.17.0-win32-x64\jre\17.0.6-win32-x86_64\bin\zip.dll
Event: 0.271 Loaded shared library C:\Users\Fruktarin\.vscode\extensions\redhat.java-1.17.0-win32-x64\jre\17.0.6-win32-x86_64\bin\jimage.dll
Event: 0.332 Loaded shared library c:\Users\Fruktarin\.vscode\extensions\redhat.java-1.17.0-win32-x64\jre\17.0.6-win32-x86_64\bin\verify.dll
Event: 1.458 Loaded shared library C:\Users\Fruktarin\AppData\Roaming\Code\User\globalStorage\redhat.java\1.17.0\config_ss_win\org.eclipse.equinox.launcher\org.eclipse.equinox.launcher.win32.win32.x86_64_1.2.700.v20221108-1024\eclipse_11801.dll

Deoptimization events (20 events):
Event: 2.759 Thread 0x0000019a79b3a640 Uncommon trap: trap_request=0xffffff76 fr.pc=0x0000019a07b8e20c relative=0x0000000000000d8c
Event: 2.759 Thread 0x0000019a79b3a640 Uncommon trap: reason=predicate action=maybe_recompile pc=0x0000019a07b8e20c method=java.util.Properties$LineReader.readLine()I @ 53 c2
Event: 2.759 Thread 0x0000019a79b3a640 DEOPT PACKING pc=0x0000019a07b8e20c sp=0x00000053f96f8df0
Event: 2.759 Thread 0x0000019a79b3a640 DEOPT UNPACKING pc=0x0000019a075866a3 sp=0x00000053f96f8da8 mode 2
Event: 2.828 Thread 0x0000019a79b3a640 Uncommon trap: trap_request=0xffffffc6 fr.pc=0x0000019a07b50900 relative=0x00000000000009c0
Event: 2.828 Thread 0x0000019a79b3a640 Uncommon trap: reason=bimorphic_or_optimized_type_check action=maybe_recompile pc=0x0000019a07b50900 method=java.util.HashMap.putVal(ILjava/lang/Object;Ljava/lang/Object;ZZ)Ljava/lang/Object; @ 56 c2
Event: 2.828 Thread 0x0000019a79b3a640 DEOPT PACKING pc=0x0000019a07b50900 sp=0x00000053f96fdce0
Event: 2.828 Thread 0x0000019a79b3a640 DEOPT UNPACKING pc=0x0000019a075866a3 sp=0x00000053f96fdbe0 mode 2
Event: 2.828 Thread 0x0000019a79b3a640 Uncommon trap: trap_request=0xffffffc6 fr.pc=0x0000019a07b50900 relative=0x00000000000009c0
Event: 2.828 Thread 0x0000019a79b3a640 Uncommon trap: reason=bimorphic_or_optimized_type_check action=maybe_recompile pc=0x0000019a07b50900 method=java.util.HashMap.putVal(ILjava/lang/Object;Ljava/lang/Object;ZZ)Ljava/lang/Object; @ 56 c2
Event: 2.828 Thread 0x0000019a79b3a640 DEOPT PACKING pc=0x0000019a07b50900 sp=0x00000053f96fdce0
Event: 2.828 Thread 0x0000019a79b3a640 DEOPT UNPACKING pc=0x0000019a075866a3 sp=0x00000053f96fdbe0 mode 2
Event: 2.828 Thread 0x0000019a79b3a640 Uncommon trap: trap_request=0xffffffc6 fr.pc=0x0000019a07b50900 relative=0x00000000000009c0
Event: 2.828 Thread 0x0000019a79b3a640 Uncommon trap: reason=bimorphic_or_optimized_type_check action=maybe_recompile pc=0x0000019a07b50900 method=java.util.HashMap.putVal(ILjava/lang/Object;Ljava/lang/Object;ZZ)Ljava/lang/Object; @ 56 c2
Event: 2.828 Thread 0x0000019a79b3a640 DEOPT PACKING pc=0x0000019a07b50900 sp=0x00000053f96fdce0
Event: 2.828 Thread 0x0000019a79b3a640 DEOPT UNPACKING pc=0x0000019a075866a3 sp=0x00000053f96fdbe0 mode 2
Event: 2.828 Thread 0x0000019a79b3a640 Uncommon trap: trap_request=0xffffffc6 fr.pc=0x0000019a07b50900 relative=0x00000000000009c0
Event: 2.828 Thread 0x0000019a79b3a640 Uncommon trap: reason=bimorphic_or_optimized_type_check action=maybe_recompile pc=0x0000019a07b50900 method=java.util.HashMap.putVal(ILjava/lang/Object;Ljava/lang/Object;ZZ)Ljava/lang/Object; @ 56 c2
Event: 2.828 Thread 0x0000019a79b3a640 DEOPT PACKING pc=0x0000019a07b50900 sp=0x00000053f96fdce0
Event: 2.828 Thread 0x0000019a79b3a640 DEOPT UNPACKING pc=0x0000019a075866a3 sp=0x00000053f96fdbe0 mode 2

Classes unloaded (7 events):
Event: 2.278 Thread 0x0000019a76976220 Unloading class 0x0000000100212400 'java/lang/invoke/LambdaForm$MH+0x0000000100212400'
Event: 2.278 Thread 0x0000019a76976220 Unloading class 0x0000000100212000 'java/lang/invoke/LambdaForm$MH+0x0000000100212000'
Event: 2.278 Thread 0x0000019a76976220 Unloading class 0x0000000100211c00 'java/lang/invoke/LambdaForm$MH+0x0000000100211c00'
Event: 2.278 Thread 0x0000019a76976220 Unloading class 0x0000000100211800 'java/lang/invoke/LambdaForm$MH+0x0000000100211800'
Event: 2.278 Thread 0x0000019a76976220 Unloading class 0x0000000100211000 'java/lang/invoke/LambdaForm$BMH+0x0000000100211000'
Event: 2.278 Thread 0x0000019a76976220 Unloading class 0x0000000100210c00 'java/lang/invoke/LambdaForm$DMH+0x0000000100210c00'
Event: 2.278 Thread 0x0000019a76976220 Unloading class 0x000000010020e000 'java/lang/invoke/LambdaForm$DMH+0x000000010020e000'

Classes redefined (0 events):
No events

Internal exceptions (20 events):
Event: 2.015 Thread 0x0000019a79b3a640 Exception <a 'java/lang/NoSuchMethodError'{0x00000000ebe0c1c0}: 'java.lang.Object java.lang.invoke.DelegatingMethodHandle$Holder.reinvoke_L(java.lang.Object, java.lang.Object, java.lang.Object, java.lang.Object, int, int)'> (0x00000000ebe0c1c0) 
thrown [s\src\hotspot\share\interpreter\linkResolver.cpp, line 759]
Event: 2.017 Thread 0x0000019a79b3a640 Exception <a 'java/lang/NoSuchMethodError'{0x00000000ebe24108}: 'java.lang.Object java.lang.invoke.Invokers$Holder.invokeExact_MT(java.lang.Object, java.lang.Object, java.lang.Object, java.lang.Object)'> (0x00000000ebe24108) 
thrown [s\src\hotspot\share\interpreter\linkResolver.cpp, line 759]
Event: 2.123 Thread 0x0000019a79b3a640 Exception <a 'java/lang/NoSuchMethodError'{0x00000000ec268e10}: 'java.lang.Object java.lang.invoke.DirectMethodHandle$Holder.newInvokeSpecial(java.lang.Object, java.lang.Object, java.lang.Object, java.lang.Object, java.lang.Object)'> (0x00000000ec268e10) 
thrown [s\src\hotspot\share\interpreter\linkResolver.cpp, line 759]
Event: 2.225 Thread 0x0000019a79b3a640 Exception <a 'java/lang/NoSuchMethodError'{0x00000000eacf68d8}: 'java.lang.Object java.lang.invoke.DirectMethodHandle$Holder.invokeSpecial(java.lang.Object, java.lang.Object, java.lang.Object, long, java.lang.Object)'> (0x00000000eacf68d8) 
thrown [s\src\hotspot\share\interpreter\linkResolver.cpp, line 759]
Event: 2.225 Thread 0x0000019a79b3a640 Exception <a 'java/lang/NoSuchMethodError'{0x00000000eacfea90}: 'java.lang.Object java.lang.invoke.DirectMethodHandle$Holder.newInvokeSpecial(java.lang.Object, java.lang.Object, java.lang.Object, long)'> (0x00000000eacfea90) 
thrown [s\src\hotspot\share\interpreter\linkResolver.cpp, line 759]
Event: 2.225 Thread 0x0000019a79b3a640 Exception <a 'java/lang/NoSuchMethodError'{0x00000000ead03030}: 'java.lang.Object java.lang.invoke.DirectMethodHandle$Holder.invokeSpecial(java.lang.Object, java.lang.Object, java.lang.Object, java.lang.Object, long)'> (0x00000000ead03030) 
thrown [s\src\hotspot\share\interpreter\linkResolver.cpp, line 759]
Event: 2.235 Thread 0x0000019a79b3a640 Exception <a 'java/lang/NoSuchMethodError'{0x00000000ead752d0}: 'int java.lang.invoke.DirectMethodHandle$Holder.invokeStaticInit(java.lang.Object, java.lang.Object, java.lang.Object)'> (0x00000000ead752d0) 
thrown [s\src\hotspot\share\interpreter\linkResolver.cpp, line 759]
Event: 2.242 Thread 0x0000019a79b3a640 Exception <a 'java/lang/IncompatibleClassChangeError'{0x00000000eaddbe18}: Found class java.lang.Object, but interface was expected> (0x00000000eaddbe18) 
thrown [s\src\hotspot\share\interpreter\linkResolver.cpp, line 826]
Event: 2.248 Thread 0x0000019a79b3a640 Exception <a 'java/lang/NoSuchMethodError'{0x00000000eadf0f28}: 'java.lang.Object java.lang.invoke.DirectMethodHandle$Holder.invokeSpecial(java.lang.Object, java.lang.Object, java.lang.Object, int, java.lang.Object, java.lang.Object)'> (0x00000000eadf0f28) 
thrown [s\src\hotspot\share\interpreter\linkResolver.cpp, line 759]
Event: 2.248 Thread 0x0000019a79b3a640 Exception <a 'java/lang/NoSuchMethodError'{0x00000000eadf96b0}: 'java.lang.Object java.lang.invoke.DirectMethodHandle$Holder.newInvokeSpecial(java.lang.Object, java.lang.Object, java.lang.Object, int, java.lang.Object)'> (0x00000000eadf96b0) 
thrown [s\src\hotspot\share\interpreter\linkResolver.cpp, line 759]
Event: 2.249 Thread 0x0000019a79b3a640 Exception <a 'java/lang/NoSuchMethodError'{0x00000000eadfdb08}: 'java.lang.Object java.lang.invoke.DirectMethodHandle$Holder.invokeSpecial(java.lang.Object, java.lang.Object, java.lang.Object, java.lang.Object, int, java.lang.Object)'> (0x00000000eadfdb08) 
thrown [s\src\hotspot\share\interpreter\linkResolver.cpp, line 759]
Event: 2.250 Thread 0x0000019a79b1aab0 Exception <a 'java/lang/NoSuchMethodError'{0x00000000ead2f620}: 'java.lang.Object java.lang.invoke.DirectMethodHandle$Holder.invokeSpecial(java.lang.Object, java.lang.Object, int, java.lang.Object, java.lang.Object)'> (0x00000000ead2f620) 
thrown [s\src\hotspot\share\interpreter\linkResolver.cpp, line 759]
Event: 2.250 Thread 0x0000019a79b1aab0 Exception <a 'java/lang/NoSuchMethodError'{0x00000000ead36cf0}: 'java.lang.Object java.lang.invoke.DirectMethodHandle$Holder.newInvokeSpecial(java.lang.Object, java.lang.Object, int, java.lang.Object)'> (0x00000000ead36cf0) 
thrown [s\src\hotspot\share\interpreter\linkResolver.cpp, line 759]
Event: 2.251 Thread 0x0000019a79b1aab0 Exception <a 'java/lang/NoSuchMethodError'{0x00000000ead3a800}: 'java.lang.Object java.lang.invoke.DirectMethodHandle$Holder.invokeSpecial(java.lang.Object, java.lang.Object, java.lang.Object, int, java.lang.Object)'> (0x00000000ead3a800) 
thrown [s\src\hotspot\share\interpreter\linkResolver.cpp, line 759]
Event: 2.296 Thread 0x0000019a79b1aab0 Exception <a 'java/io/FileNotFoundException'{0x00000000eab086f0}> (0x00000000eab086f0) 
thrown [s\src\hotspot\share\prims\jni.cpp, line 516]
Event: 2.758 Thread 0x0000019a79b3a640 Exception <a 'java/lang/ClassNotFoundException'{0x00000000ec0b4f38}: com/sun/org/apache/xerces/internal/impl/msg/spi/DOMMessagesProvider> (0x00000000ec0b4f38) 
thrown [s\src\hotspot\share\classfile\systemDictionary.cpp, line 256]
Event: 2.759 Thread 0x0000019a79b3a640 Implicit null exception at 0x0000019a07b8d578 to 0x0000019a07b8e1ec
Event: 2.760 Thread 0x0000019a79b3a640 Exception <a 'java/lang/ClassNotFoundException'{0x00000000ec0db9c8}: com/sun/org/apache/xerces/internal/impl/msg/spi/XMLSerializerMessagesProvider> (0x00000000ec0db9c8) 
thrown [s\src\hotspot\share\classfile\systemDictionary.cpp, line 256]
Event: 2.764 Thread 0x0000019a79b3a640 Exception <a 'java/lang/ClassNotFoundException'{0x00000000ec0e9440}: com/sun/org/apache/xerces/internal/impl/msg/spi/XMLMessagesProvider> (0x00000000ec0e9440) 
thrown [s\src\hotspot\share\classfile\systemDictionary.cpp, line 256]
Event: 2.793 Thread 0x0000019a79b3a640 Exception <a 'java/lang/NoSuchMethodError'{0x00000000ec1c77c8}: 'void java.lang.invoke.DirectMethodHandle$Holder.invokeVirtual(java.lang.Object, java.lang.Object)'> (0x00000000ec1c77c8) 
thrown [s\src\hotspot\share\interpreter\linkResolver.cpp, line 759]

VM Operations (20 events):
Event: 1.622 Executing VM operation: ParallelGCFailedAllocation
Event: 1.627 Executing VM operation: ParallelGCFailedAllocation done
Event: 1.854 Executing VM operation: HandshakeAllThreads
Event: 1.854 Executing VM operation: HandshakeAllThreads done
Event: 1.900 Executing VM operation: HandshakeAllThreads
Event: 1.900 Executing VM operation: HandshakeAllThreads done
Event: 1.902 Executing VM operation: HandshakeAllThreads
Event: 1.902 Executing VM operation: HandshakeAllThreads done
Event: 2.009 Executing VM operation: HandshakeAllThreads
Event: 2.009 Executing VM operation: HandshakeAllThreads done
Event: 2.166 Executing VM operation: ParallelGCFailedAllocation
Event: 2.172 Executing VM operation: ParallelGCFailedAllocation done
Event: 2.262 Executing VM operation: HandshakeAllThreads
Event: 2.262 Executing VM operation: HandshakeAllThreads done
Event: 2.269 Executing VM operation: CollectForMetadataAllocation
Event: 2.295 Executing VM operation: CollectForMetadataAllocation done
Event: 2.561 Executing VM operation: ParallelGCFailedAllocation
Event: 2.562 Executing VM operation: ParallelGCFailedAllocation done
Event: 2.828 Executing VM operation: HandshakeAllThreads
Event: 2.828 Executing VM operation: HandshakeAllThreads done

Events (20 events):
Event: 2.816 loading class java/net/SocketAddress
Event: 2.816 loading class java/net/SocketAddress done
Event: 2.816 loading class java/net/InetSocketAddress
Event: 2.816 loading class java/net/InetSocketAddress done
Event: 2.816 loading class java/nio/channels/AsynchronousByteChannel
Event: 2.816 loading class java/nio/channels/AsynchronousChannel
Event: 2.817 loading class java/nio/channels/AsynchronousChannel done
Event: 2.817 loading class java/nio/channels/AsynchronousByteChannel done
Event: 2.827 loading class java/lang/ProcessEnvironment
Event: 2.828 loading class java/lang/ProcessEnvironment done
Event: 2.828 loading class java/lang/ProcessEnvironment$NameComparator
Event: 2.828 loading class java/lang/ProcessEnvironment$NameComparator done
Event: 2.828 loading class java/lang/ProcessEnvironment$EntryComparator
Event: 2.828 loading class java/lang/ProcessEnvironment$EntryComparator done
Event: 2.828 loading class java/lang/ProcessEnvironment$CheckedEntrySet
Event: 2.829 loading class java/lang/ProcessEnvironment$CheckedEntrySet done
Event: 2.829 loading class java/lang/ProcessEnvironment$CheckedEntrySet$1
Event: 2.829 loading class java/lang/ProcessEnvironment$CheckedEntrySet$1 done
Event: 2.829 loading class java/lang/ProcessEnvironment$CheckedEntry
Event: 2.829 loading class java/lang/ProcessEnvironment$CheckedEntry done


Dynamic libraries:
0x00007ff749c40000 - 0x00007ff749c4e000 	c:\Users\Fruktarin\.vscode\extensions\redhat.java-1.17.0-win32-x64\jre\17.0.6-win32-x86_64\bin\java.exe
0x00007fff447b0000 - 0x00007fff449a8000 	C:\WINDOWS\SYSTEM32\ntdll.dll
0x00007fff23bc0000 - 0x00007fff23bd9000 	C:\Program Files\AVAST Software\Avast\aswhook.dll
0x00007fff43c60000 - 0x00007fff43d1f000 	C:\WINDOWS\System32\KERNEL32.DLL
0x00007fff42390000 - 0x00007fff4266a000 	C:\WINDOWS\System32\KERNELBASE.dll
0x00007fff3f4f0000 - 0x00007fff3f580000 	C:\WINDOWS\SYSTEM32\apphelp.dll
0x00007fff42670000 - 0x00007fff42770000 	C:\WINDOWS\System32\ucrtbase.dll
0x00007fff2e3c0000 - 0x00007fff2e3d7000 	c:\Users\Fruktarin\.vscode\extensions\redhat.java-1.17.0-win32-x64\jre\17.0.6-win32-x86_64\bin\jli.dll
0x00007fff445d0000 - 0x00007fff4476d000 	C:\WINDOWS\System32\USER32.dll
0x00007fff42190000 - 0x00007fff421b2000 	C:\WINDOWS\System32\win32u.dll
0x00007fff42810000 - 0x00007fff4283b000 	C:\WINDOWS\System32\GDI32.dll
0x00007fff42030000 - 0x00007fff42140000 	C:\WINDOWS\System32\gdi32full.dll
0x00007fff42770000 - 0x00007fff4280d000 	C:\WINDOWS\System32\msvcp_win.dll
0x00007fff2dfd0000 - 0x00007fff2dfe9000 	c:\Users\Fruktarin\.vscode\extensions\redhat.java-1.17.0-win32-x64\jre\17.0.6-win32-x86_64\bin\VCRUNTIME140.dll
0x00007fff40b40000 - 0x00007fff40dda000 	C:\WINDOWS\WinSxS\amd64_microsoft.windows.common-controls_6595b64144ccf1df_6.0.19041.1110_none_60b5254171f9507e\COMCTL32.dll
0x00007fff42b50000 - 0x00007fff42bee000 	C:\WINDOWS\System32\msvcrt.dll
0x00007fff42b20000 - 0x00007fff42b50000 	C:\WINDOWS\System32\IMM32.DLL
0x00007fff3a5f0000 - 0x00007fff3a5fc000 	c:\Users\Fruktarin\.vscode\extensions\redhat.java-1.17.0-win32-x64\jre\17.0.6-win32-x86_64\bin\vcruntime140_1.dll
0x00007fff28480000 - 0x00007fff28511000 	c:\Users\Fruktarin\.vscode\extensions\redhat.java-1.17.0-win32-x64\jre\17.0.6-win32-x86_64\bin\msvcp140.dll
0x00007ffefe880000 - 0x00007ffeff4c7000 	c:\Users\Fruktarin\.vscode\extensions\redhat.java-1.17.0-win32-x64\jre\17.0.6-win32-x86_64\bin\server\jvm.dll
0x00007fff43010000 - 0x00007fff430be000 	C:\WINDOWS\System32\ADVAPI32.dll
0x00007fff43b60000 - 0x00007fff43bfc000 	C:\WINDOWS\System32\sechost.dll
0x00007fff430c0000 - 0x00007fff431e6000 	C:\WINDOWS\System32\RPCRT4.dll
0x00007fff40370000 - 0x00007fff40397000 	C:\WINDOWS\SYSTEM32\WINMM.dll
0x00007fff33270000 - 0x00007fff33279000 	C:\WINDOWS\SYSTEM32\WSOCK32.dll
0x00007fff3d2a0000 - 0x00007fff3d2aa000 	C:\WINDOWS\SYSTEM32\VERSION.dll
0x00007fff43940000 - 0x00007fff439ab000 	C:\WINDOWS\System32\WS2_32.dll
0x00007fff3fa90000 - 0x00007fff3faa2000 	C:\WINDOWS\SYSTEM32\kernel.appcore.dll
0x00007fff3a4a0000 - 0x00007fff3a4aa000 	c:\Users\Fruktarin\.vscode\extensions\redhat.java-1.17.0-win32-x64\jre\17.0.6-win32-x86_64\bin\jimage.dll
0x00007fff3acd0000 - 0x00007fff3aeb4000 	C:\WINDOWS\SYSTEM32\DBGHELP.DLL
0x00007fff3a7d0000 - 0x00007fff3a804000 	C:\WINDOWS\SYSTEM32\dbgcore.DLL
0x00007fff41f70000 - 0x00007fff41ff2000 	C:\WINDOWS\System32\bcryptPrimitives.dll
0x00007fff2f160000 - 0x00007fff2f16e000 	c:\Users\Fruktarin\.vscode\extensions\redhat.java-1.17.0-win32-x64\jre\17.0.6-win32-x86_64\bin\instrument.dll
0x00007fff2c7a0000 - 0x00007fff2c7c5000 	c:\Users\Fruktarin\.vscode\extensions\redhat.java-1.17.0-win32-x64\jre\17.0.6-win32-x86_64\bin\java.dll
0x00007fff2cac0000 - 0x00007fff2cad8000 	c:\Users\Fruktarin\.vscode\extensions\redhat.java-1.17.0-win32-x64\jre\17.0.6-win32-x86_64\bin\zip.dll
0x00007fff431f0000 - 0x00007fff43934000 	C:\WINDOWS\System32\SHELL32.dll
0x00007fff403a0000 - 0x00007fff40b33000 	C:\WINDOWS\SYSTEM32\windows.storage.dll
0x00007fff42c50000 - 0x00007fff42fa4000 	C:\WINDOWS\System32\combase.dll
0x00007fff41840000 - 0x00007fff4186e000 	C:\WINDOWS\SYSTEM32\Wldp.dll
0x00007fff43ab0000 - 0x00007fff43b5d000 	C:\WINDOWS\System32\SHCORE.dll
0x00007fff42fb0000 - 0x00007fff43005000 	C:\WINDOWS\System32\shlwapi.dll
0x00007fff41e00000 - 0x00007fff41e1f000 	C:\WINDOWS\SYSTEM32\profapi.dll
0x00007fff2c180000 - 0x00007fff2c199000 	C:\Users\Fruktarin\.vscode\extensions\redhat.java-1.17.0-win32-x64\jre\17.0.6-win32-x86_64\bin\net.dll
0x00007fff3afa0000 - 0x00007fff3b0aa000 	C:\WINDOWS\SYSTEM32\WINHTTP.dll
0x00007fff415a0000 - 0x00007fff4160a000 	C:\WINDOWS\system32\mswsock.dll
0x00007fff2c160000 - 0x00007fff2c175000 	C:\Users\Fruktarin\.vscode\extensions\redhat.java-1.17.0-win32-x64\jre\17.0.6-win32-x86_64\bin\nio.dll
0x00007fff2f0c0000 - 0x00007fff2f0d0000 	c:\Users\Fruktarin\.vscode\extensions\redhat.java-1.17.0-win32-x64\jre\17.0.6-win32-x86_64\bin\verify.dll
0x00007fff25250000 - 0x00007fff2528e000 	C:\Users\Fruktarin\AppData\Roaming\Code\User\globalStorage\redhat.java\1.17.0\config_ss_win\org.eclipse.equinox.launcher\org.eclipse.equinox.launcher.win32.win32.x86_64_1.2.700.v20221108-1024\eclipse_11801.dll
0x00007fff43d20000 - 0x00007fff43e4a000 	C:\WINDOWS\System32\ole32.dll

dbghelp: loaded successfully - version: 4.0.5 - missing functions: none
symbol engine: initialized successfully - sym options: 0x614 - pdb path: .;c:\Users\Fruktarin\.vscode\extensions\redhat.java-1.17.0-win32-x64\jre\17.0.6-win32-x86_64\bin;C:\WINDOWS\SYSTEM32;C:\Program Files\AVAST Software\Avast;C:\WINDOWS\WinSxS\amd64_microsoft.windows.common-controls_6595b64144ccf1df_6.0.19041.1110_none_60b5254171f9507e;c:\Users\Fruktarin\.vscode\extensions\redhat.java-1.17.0-win32-x64\jre\17.0.6-win32-x86_64\bin\server;C:\Users\Fruktarin\AppData\Roaming\Code\User\globalStorage\redhat.java\1.17.0\config_ss_win\org.eclipse.equinox.launcher\org.eclipse.equinox.launcher.win32.win32.x86_64_1.2.700.v20221108-1024

VM Arguments:
jvm_args: --add-modules=ALL-SYSTEM --add-opens=java.base/java.util=ALL-UNNAMED --add-opens=java.base/java.lang=ALL-UNNAMED --add-opens=java.base/sun.nio.fs=ALL-UNNAMED -Declipse.application=org.eclipse.jdt.ls.core.id1 -Dosgi.bundles.defaultStartLevel=4 -Declipse.product=org.eclipse.jdt.ls.core.product -Djava.import.generatesMetadataFilesAtProjectRoot=false -Dfile.encoding=utf8 -XX:+UseParallelGC -XX:GCTimeRatio=4 -XX:AdaptiveSizePolicyWeight=90 -Dsun.zip.disableMemoryMapping=true -Xmx1G -Xms100m -Xlog:disable -javaagent:c:\Users\Fruktarin\.vscode\extensions\redhat.java-1.17.0-win32-x64\lombok\lombok-1.18.24.jar 
java_command: c:\Users\Fruktarin\.vscode\extensions\redhat.java-1.17.0-win32-x64\server\plugins\org.eclipse.equinox.launcher_1.6.400.v20210924-0641.jar -configuration c:\Users\Fruktarin\AppData\Roaming\Code\User\globalStorage\redhat.java\1.17.0\config_ss_win -data c:\Users\Fruktarin\AppData\Roaming\Code\User\workspaceStorage\d5f3a373c6625814009ffa9e804a375e\redhat.java\ss_ws
java_class_path (initial): c:\Users\Fruktarin\.vscode\extensions\redhat.java-1.17.0-win32-x64\server\plugins\org.eclipse.equinox.launcher_1.6.400.v20210924-0641.jar
Launcher Type: SUN_STANDARD

[Global flags]
    uintx AdaptiveSizePolicyWeight                 = 90                                        {product} {command line}
     intx CICompilerCount                          = 3                                         {product} {ergonomic}
    uintx GCTimeRatio                              = 4                                         {product} {command line}
   size_t InitialHeapSize                          = 104857600                                 {product} {command line}
   size_t MaxHeapSize                              = 1073741824                                {product} {command line}
   size_t MaxNewSize                               = 357564416                                 {product} {ergonomic}
   size_t MinHeapDeltaBytes                        = 524288                                    {product} {ergonomic}
   size_t MinHeapSize                              = 104857600                                 {product} {command line}
   size_t NewSize                                  = 34603008                                  {product} {ergonomic}
    uintx NonNMethodCodeHeapSize                   = 5832780                                {pd product} {ergonomic}
    uintx NonProfiledCodeHeapSize                  = 122912730                              {pd product} {ergonomic}
   size_t OldSize                                  = 70254592                                  {product} {ergonomic}
    uintx ProfiledCodeHeapSize                     = 122912730                              {pd product} {ergonomic}
    uintx ReservedCodeCacheSize                    = 251658240                              {pd product} {ergonomic}
     bool SegmentedCodeCache                       = true                                      {product} {ergonomic}
   size_t SoftMaxHeapSize                          = 1073741824                             {manageable} {ergonomic}
     bool UseCompressedClassPointers               = true                           {product lp64_product} {ergonomic}
     bool UseCompressedOops                        = true                           {product lp64_product} {ergonomic}
     bool UseLargePagesIndividualAllocation        = false                                  {pd product} {ergonomic}
     bool UseParallelGC                            = true                                      {product} {command line}

Logging:
Log output configuration:
 #0: stdout all=off uptime,level,tags
 #1: stderr all=off uptime,level,tags

Environment Variables:
JAVA_HOME=C:\Program Files\AdoptOpenJDK\jre-8.0.232.09-hotspot\
PATH=C:\Program Files\Common Files\Oracle\Java\javapath;C:\Program Files\AdoptOpenJDK\jre-8.0.232.09-hotspot\bin;C:\Program Files\AdoptOpenJDK\jre-11.0.6.10-hotspot\bin;C:\Program Files (x86)\AdoptOpenJDK\jre-8.0.232.09-hotspot\bin;C:\WINDOWS\system32;C:\WINDOWS;C:\WINDOWS\System32\Wbem;C:\WINDOWS\System32\WindowsPowerShell\v1.0\;C:\WINDOWS\System32\OpenSSH\;C:\Program Files\Git\cmd;C:\Program Files\dotnet\;C:\Users\Fruktarin\AppData\Local\Microsoft\WindowsApps;;C:\Users\Fruktarin\AppData\Local\Programs\Microsoft VS Code\bin;C:\Users\Fruktarin\.dotnet\tools
USERNAME=Fruktarin
OS=Windows_NT
PROCESSOR_IDENTIFIER=AMD64 Family 23 Model 17 Stepping 0, AuthenticAMD
TMP=C:\Users\Fruktarin\AppData\Local\Temp
TEMP=C:\Users\Fruktarin\AppData\Local\Temp



---------------  S Y S T E M  ---------------

OS:
 Windows 10 , 64 bit Build 19041 (10.0.19041.2788)
OS uptime: 0 days 9:43 hours

CPU: total 4 (initial active 4) (4 cores per cpu, 1 threads per core) family 23 model 17 stepping 0 microcode 0x0, cx8, cmov, fxsr, mmx, 3dnowpref, sse, sse2, sse3, ssse3, sse4a, sse4.1, sse4.2, popcnt, lzcnt, tsc, tscinvbit, avx, avx2, aes, clmul, bmi1, bmi2, adx, sha, fma, vzeroupper, clflush, clflushopt

Memory: 4k page, system-wide physical 7612M (878M free)
TotalPageFile size 7612M (AvailPageFile size 4M)
current process WorkingSet (physical memory assigned to process): 136M, peak: 141M
current process commit charge ("private bytes"): 234M, peak: 236M

vm_info: OpenJDK 64-Bit Server VM (17.0.6+10) for windows-amd64 JRE (17.0.6+10), built on Jan 18 2023 10:08:59 by "temurin" with MS VC++ 16.7 (VS2019)

END.
